<?xml version="1.0" encoding="UTF-8"?>
<!-- Generated by org.testng.reporters.JUnitReportReporter -->
<testsuite hostname="LAPTOP-KEHBMK7B" failures="0" tests="1" name="com.test.AppiumAppAutomate" time="24.494" errors="0" timestamp="2022-12-12T01:05:52 IST" skipped="0">
  <testcase classname="com.test.AppiumAppAutomate" name="AppAutomate" time="24.494"/>
  <system-out/>
</testsuite> <!-- com.test.AppiumAppAutomate -->
