<?xml version="1.0" encoding="UTF-8"?>
<!-- Generated by org.testng.reporters.JUnitReportReporter -->
<testsuite hostname="LAPTOP-KEHBMK7B" failures="0" tests="1" name="com.test.AppiumCloudBrowserTest" time="31.501" errors="0" timestamp="2022-12-11T19:05:44 IST" skipped="0">
  <testcase classname="com.test.AppiumCloudBrowserTest" name="MobileCloudTest" time="31.501"/>
  <system-out/>
</testsuite> <!-- com.test.AppiumCloudBrowserTest -->
