<?xml version="1.0" encoding="UTF-8"?>
<!-- Generated by org.testng.reporters.JUnitReportReporter -->
<testsuite hostname="LAPTOP-KEHBMK7B" failures="0" tests="1" name="com.mobileautomation.SeekBarExample" time="25.317" errors="0" timestamp="2022-11-20T16:17:22 IST" skipped="0">
  <testcase classname="com.mobileautomation.SeekBarExample" name="SeekBarExampleScenario" time="25.317"/>
  <system-out/>
</testsuite> <!-- com.mobileautomation.SeekBarExample -->
