<?xml version="1.0" encoding="UTF-8"?>
<!-- Generated by org.testng.reporters.JUnitReportReporter -->
<testsuite hostname="LAPTOP-KEHBMK7B" failures="0" tests="1" name="com.mobileautomation.CaptureScreenshotonBrowser" time="22.384" errors="0" timestamp="2022-11-21T00:21:49 IST" skipped="0">
  <testcase classname="com.mobileautomation.CaptureScreenshotonBrowser" name="CaptureScreenshotBrowser" time="22.384"/>
  <system-out/>
</testsuite> <!-- com.mobileautomation.CaptureScreenshotonBrowser -->
