<?xml version="1.0" encoding="UTF-8"?>
<!-- Generated by org.testng.reporters.JUnitReportReporter -->
<testsuite hostname="LAPTOP-KEHBMK7B" failures="0" tests="1" name="com.failscreenshotexample.ElementVerification" time="15.086" errors="0" timestamp="2022-11-28T23:25:08 IST" skipped="0">
  <testcase classname="com.failscreenshotexample.ElementVerification" name="ElementVerificationExample" time="15.086"/>
  <system-out/>
</testsuite> <!-- com.failscreenshotexample.ElementVerification -->
