<?xml version="1.0" encoding="UTF-8"?>
<!-- Generated by org.testng.reporters.JUnitReportReporter -->
<testsuite hostname="LAPTOP-KEHBMK7B" failures="0" tests="1" name="com.mobileautomation.ExpandableListExample" time="18.113" errors="0" timestamp="2022-11-20T22:17:49 IST" skipped="0">
  <testcase classname="com.mobileautomation.ExpandableListExample" name="ExpandableListExamples" time="18.113"/>
  <system-out/>
</testsuite> <!-- com.mobileautomation.ExpandableListExample -->
