<?xml version="1.0" encoding="UTF-8"?>
<!-- Generated by org.testng.reporters.JUnitReportReporter -->
<testsuite hostname="LAPTOP-KEHBMK7B" failures="0" tests="1" name="com.mobileautomation.DifferentControlExamples" time="21.633" errors="0" timestamp="2022-11-20T17:13:19 IST" skipped="0">
  <testcase classname="com.mobileautomation.DifferentControlExamples" name="DifferentControls" time="21.633"/>
  <system-out/>
</testsuite> <!-- com.mobileautomation.DifferentControlExamples -->
