<?xml version="1.0" encoding="UTF-8"?>
<!-- Generated by org.testng.reporters.JUnitReportReporter -->
<testsuite hostname="LAPTOP-KEHBMK7B" failures="0" tests="1" name="com.mobileautomation.BasicInteractionsExample" time="25.977" errors="0" timestamp="2022-11-15T00:18:48 IST" skipped="0">
  <testcase classname="com.mobileautomation.BasicInteractionsExample" name="Testcase" time="25.977"/>
  <system-out/>
</testsuite> <!-- com.mobileautomation.BasicInteractionsExample -->
