<?xml version="1.0" encoding="UTF-8"?>
<!-- Generated by org.testng.reporters.JUnitReportReporter -->
<testsuite hostname="LAPTOP-KEHBMK7B" failures="0" tests="1" name="com.mobileautomation.CordinateXYExample" time="23.499" errors="0" timestamp="2022-11-20T15:32:55 IST" skipped="0">
  <testcase classname="com.mobileautomation.CordinateXYExample" name="OpenApp" time="23.499"/>
  <system-out/>
</testsuite> <!-- com.mobileautomation.CordinateXYExample -->
