<?xml version="1.0" encoding="UTF-8"?>
<!-- Generated by org.testng.reporters.JUnitReportReporter -->
<testsuite hostname="LAPTOP-KEHBMK7B" failures="0" tests="1" name="com.mobileautomation.AlertDemo" time="19.921" errors="0" timestamp="2022-11-15T17:11:05 IST" skipped="0">
  <testcase classname="com.mobileautomation.AlertDemo" name="HandlePopup" time="19.921"/>
  <system-out/>
</testsuite> <!-- com.mobileautomation.AlertDemo -->
