<?xml version="1.0" encoding="UTF-8"?>
<!-- Generated by org.testng.reporters.JUnitReportReporter -->
<testsuite hostname="LAPTOP-KEHBMK7B" failures="0" tests="1" name="com.gesturesexample.SingleActiomGesture$SampleTestCase" time="31.715" errors="0" timestamp="2022-11-23T13:11:05 IST" skipped="0">
  <testcase classname="com.gesturesexample.SingleActiomGesture$SampleTestCase" name="Testcase" time="31.715"/>
  <system-out/>
</testsuite> <!-- com.gesturesexample.SingleActiomGesture$SampleTestCase -->
