<?xml version="1.0" encoding="UTF-8"?>
<!-- Generated by org.testng.reporters.JUnitReportReporter -->
<testsuite hostname="LAPTOP-KEHBMK7B" failures="0" tests="1" name="com.mobileautomation.ScreenshotAppiumExample" time="0.008" errors="0" timestamp="2022-11-20T23:48:59 IST" skipped="0">
  <testcase classname="com.mobileautomation.ScreenshotAppiumExample" name="StartTest" time="0.008"/>
  <system-out/>
</testsuite> <!-- com.mobileautomation.ScreenshotAppiumExample -->
