<?xml version="1.0" encoding="UTF-8"?>
<!-- Generated by org.testng.reporters.JUnitReportReporter -->
<testsuite hostname="LAPTOP-KEHBMK7B" failures="0" tests="1" name="com.failscreenshotexample.SampleTestCase" time="15.847" errors="0" timestamp="2022-11-22T17:10:07 IST" skipped="0">
  <testcase classname="com.failscreenshotexample.SampleTestCase" name="TestCase" time="15.847"/>
  <system-out/>
</testsuite> <!-- com.failscreenshotexample.SampleTestCase -->
