<?xml version="1.0" encoding="UTF-8"?>
<!-- Generated by org.testng.reporters.JUnitReportReporter -->
<testsuite hostname="LAPTOP-KEHBMK7B" failures="0" tests="1" name="com.gesturesexample.MultiGestureActions" time="39.723" errors="0" timestamp="2022-11-23T16:11:24 IST" skipped="0">
  <testcase classname="com.gesturesexample.MultiGestureActions" name="Testcase" time="39.723"/>
  <system-out/>
</testsuite> <!-- com.gesturesexample.MultiGestureActions -->
