<?xml version="1.0" encoding="UTF-8"?>
<!-- Generated by org.testng.reporters.JUnitReportReporter -->
<testsuite hostname="LAPTOP-KEHBMK7B" failures="0" tests="1" name="com.testscripts.FirstTestCase" time="0.007" errors="0" timestamp="2022-12-12T23:56:30 IST" skipped="0">
  <testcase classname="com.testscripts.FirstTestCase" name="Testcase" time="0.007"/>
  <system-out/>
</testsuite> <!-- com.testscripts.FirstTestCase -->
