<?xml version="1.0" encoding="UTF-8"?>
<!-- Generated by org.testng.reporters.JUnitReportReporter -->
<testsuite hostname="LAPTOP-KEHBMK7B" failures="0" tests="1" name="TestSwiggy" time="128.856" errors="0" timestamp="2022-12-15T01:16:51 IST" skipped="0">
  <testcase classname="TestSwiggy" name="Testcase" time="128.856"/>
  <system-out/>
</testsuite> <!-- TestSwiggy -->
